2021-06-29 12:08:03.595 [main] INFO . - user input: C:\Program Files\Huawei\DevEco Studio 2.1.0.303\tools\openjdk\bin\java,-j,-source,@C:/Users/pradi/DevEcoStudioProjects/MayI/.idea/code-check/java/detect.txt,-output,C:/Users/pradi/DevEcoStudioProjects/MayI/.idea/code-check/java/output.xml
2021-06-29 12:08:03.598 [main] INFO . - CodeMars Version:2.1.2.sp4
2021-06-29 12:08:03.667 [main] INFO . - starting analyzing.
2021-06-29 12:08:03.680 [main] INFO . - start collecting report.
2021-06-29 12:08:03.683 [CodeMars1] INFO . - Command: "C:\Program Files\Huawei\DevEco Studio 2.1.0.303\plugins\codecheck\lib\CodeMars\engines\SecFinder-J\bin\run_SecFinder-J.bat",-filelist,C:\Users\pradi\DevEcoStudioProjects\MayI\.idea\code-check\java\filelist_2021_06_29_12_08_03_681_65.txt,-f,xml,-default,-progress,-r,C:\Users\pradi\DevEcoStudioProjects\MayI\.idea\code-check\java\\errorreport_2021_06_29_12_08_03_335_51.xml,-ruleclasspath,file:///C:\Users\pradi\DevEcoStudioProjects\MayI\.idea\code-check\java\ruleclasspath.txt
2021-06-29 12:08:03.894 [Thread-2] INFO . - Jun 29, 2021 12:08:03 PM com.huawei.secfinderj.SecFinderJ needScan
2021-06-29 12:08:03.894 [Thread-2] INFO . - INFO: SecFinder-J Version: 2.1.3
2021-06-29 12:08:04.036 [Thread-1] INFO . - 2021-06-29 12:08:03.964: SecFinder-J Output: Inspect start...
2021-06-29 12:08:04.135 [Thread-1] INFO . - 2021-06-29 12:08:04.135: SecFinder-J Output: Load checkers...
2021-06-29 12:08:04.319 [Thread-1] INFO . - 2021-06-29 12:08:04.319: SecFinder-J Output: Load config...
2021-06-29 12:08:04.356 [Thread-1] INFO . - 2021-06-29 12:08:04.356: SecFinder-J Output: step 1/4: Find files
2021-06-29 12:08:04.402 [Thread-1] INFO . - 2021-06-29 12:08:04.402: SecFinder-J Output: step 2/4: Process files
2021-06-29 12:08:04.451 [Thread-1] INFO . - 2021-06-29 12:08:04.451: SecFinder-J Output: step 3/4: Run analysis...
2021-06-29 12:08:04.452 [Thread-1] INFO . - 2021-06-29 12:08:04.452: SecFinder-J Output: [SecFinder-J--Thread--1] - during processing of [PermissionManager.java]
2021-06-29 12:08:04.993 [Thread-1] INFO . - 2021-06-29 12:08:04.992: SecFinder-J Output: step 4/4: Result output...
2021-06-29 12:08:04.993 [Thread-1] INFO . - 2021-06-29 12:08:04.992: SecFinder-J Output: Inspect finish...
2021-06-29 12:08:04.993 [Thread-1] INFO . - Analysis result:
2021-06-29 12:08:04.993 [Thread-1] INFO . -     files analyzed      : 1
2021-06-29 12:08:04.993 [Thread-1] INFO . -     lines analyzed      : 196
2021-06-29 12:08:04.993 [Thread-1] INFO . -     rules used          : 59
2021-06-29 12:08:04.993 [Thread-2] INFO . - Jun 29, 2021 12:08:04 PM com.huawei.secfinderj.override.HwPmd end
2021-06-29 12:08:04.993 [Thread-1] INFO . -     issues detected     : 0
2021-06-29 12:08:04.993 [Thread-2] INFO . - INFO: SecFinder-J run successed!
2021-06-29 12:08:04.993 [Thread-1] INFO . -     time cost(sec)      : 1
2021-06-29 12:08:04.993 [Thread-1] INFO . - 
2021-06-29 12:08:05.064 [CodeMars1] INFO . - start parse errorreport xml
2021-06-29 12:08:05.067 [CodeMars1] INFO . - parse xml time : 12
2021-06-29 12:08:05.067 [CodeMars1] INFO . - end parse errorreport xml
2021-06-29 12:08:05.068 [main] INFO . - end collecting report.
2021-06-29 12:08:05.069 [main] INFO . - end analyzing.
